TN:
SF:script/Counter.s.sol
FN:7,CounterScript.setUp
FNDA:0,CounterScript.setUp
FN:9,CounterScript.run
FNDA:0,CounterScript.run
DA:10,0
FNF:2
FNH:0
LF:1
LH:0
BRF:0
BRH:0
end_of_record
TN:
SF:src/NftP2PDexForTrueDegens.sol
FN:40,NftP2PDexForTrueDegens.onERC721Received
FNDA:7,NftP2PDexForTrueDegens.onERC721Received
DA:46,7
DA:47,7
BRDA:47,0,0,1
BRDA:47,0,1,6
DA:52,6
FN:55,NftP2PDexForTrueDegens.initiateSwap
FNDA:5,NftP2PDexForTrueDegens.initiateSwap
DA:62,5
DA:66,5
BRDA:66,1,0,-
BRDA:66,1,1,5
DA:68,5
DA:70,5
FN:73,NftP2PDexForTrueDegens.acceptSwap
FNDA:2,NftP2PDexForTrueDegens.acceptSwap
DA:80,2
DA:84,2
DA:86,2
BRDA:86,2,0,1
BRDA:86,2,1,1
DA:88,1
DA:89,1
DA:91,1
DA:93,1
FN:103,NftP2PDexForTrueDegens.cancelSwap
FNDA:2,NftP2PDexForTrueDegens.cancelSwap
DA:109,2
DA:113,2
BRDA:113,3,0,1
BRDA:113,3,1,1
DA:115,1
DA:117,1
FNF:4
FNH:4
LF:18
LH:18
BRF:8
BRH:7
end_of_record
TN:
SF:src/TrueDegenHelper.sol
FN:6,TrueDegenHelper.generateInitiateSwapExtraData
FNDA:5,TrueDegenHelper.generateInitiateSwapExtraData
DA:13,5
DA:14,5
FN:24,TrueDegenHelper.generateAcceptSwapExtraData
FNDA:2,TrueDegenHelper.generateAcceptSwapExtraData
DA:31,2
DA:32,2
FNF:2
FNH:2
LF:4
LH:4
BRF:0
BRH:0
end_of_record
TN:
SF:src/vendor/@openzeppelin/contracts/security/ReentrancyGuard.sol
FN:56,ReentrancyGuard._nonReentrantBefore
FNDA:4,ReentrancyGuard._nonReentrantBefore
DA:58,4
BRDA:58,0,0,-
BRDA:58,0,1,4
DA:61,4
FN:64,ReentrancyGuard._nonReentrantAfter
FNDA:2,ReentrancyGuard._nonReentrantAfter
DA:67,2
FNF:2
FNH:2
LF:3
LH:3
BRF:2
BRH:1
end_of_record
TN:
SF:src/vendor/@openzeppelin/contracts/token/ERC721/ERC721.sol
FN:52,ERC721.supportsInterface
FNDA:0,ERC721.supportsInterface
DA:53,0
DA:54,0
DA:55,0
DA:56,0
FN:62,ERC721.balanceOf
FNDA:0,ERC721.balanceOf
DA:63,0
BRDA:63,0,0,-
BRDA:63,0,1,-
DA:64,0
FN:70,ERC721.ownerOf
FNDA:18,ERC721.ownerOf
DA:71,48
DA:72,48
BRDA:72,1,0,-
BRDA:72,1,1,48
DA:73,48
FN:79,ERC721.name
FNDA:0,ERC721.name
DA:80,0
FN:86,ERC721.symbol
FNDA:0,ERC721.symbol
DA:87,0
FN:93,ERC721.tokenURI
FNDA:0,ERC721.tokenURI
DA:94,0
DA:96,0
DA:97,0
FN:105,ERC721._baseURI
FNDA:0,ERC721._baseURI
DA:106,0
FN:112,ERC721.approve
FNDA:0,ERC721.approve
DA:113,0
DA:114,0
BRDA:114,2,0,-
BRDA:114,2,1,-
DA:116,0
BRDA:116,3,0,-
BRDA:116,3,1,-
DA:121,0
FN:127,ERC721.getApproved
FNDA:0,ERC721.getApproved
DA:128,0
DA:130,0
FN:136,ERC721.setApprovalForAll
FNDA:0,ERC721.setApprovalForAll
DA:137,0
FN:143,ERC721.isApprovedForAll
FNDA:0,ERC721.isApprovedForAll
DA:144,0
FN:150,ERC721.transferFrom
FNDA:0,ERC721.transferFrom
DA:152,0
BRDA:152,4,0,-
BRDA:152,4,1,-
DA:154,0
FN:160,ERC721.safeTransferFrom
FNDA:3,ERC721.safeTransferFrom
DA:161,3
FN:167,ERC721.safeTransferFrom
FNDA:7,ERC721.safeTransferFrom
DA:168,10
BRDA:168,5,0,-
BRDA:168,5,1,10
DA:169,10
FN:190,ERC721._safeTransfer
FNDA:10,ERC721._safeTransfer
DA:191,10
DA:192,10
BRDA:192,6,0,-
BRDA:192,6,1,9
FN:198,ERC721._ownerOf
FNDA:68,ERC721._ownerOf
DA:199,68
FN:210,ERC721._exists
FNDA:20,ERC721._exists
DA:211,20
FN:221,ERC721._isApprovedOrOwner
FNDA:10,ERC721._isApprovedOrOwner
DA:222,10
DA:223,10
FN:236,ERC721._safeMint
FNDA:10,ERC721._safeMint
DA:237,10
FN:244,ERC721._safeMint
FNDA:10,ERC721._safeMint
DA:245,10
DA:246,10
BRDA:246,7,0,-
BRDA:246,7,1,10
FN:264,ERC721._mint
FNDA:10,ERC721._mint
DA:265,10
BRDA:265,8,0,-
BRDA:265,8,1,10
DA:266,10
BRDA:266,9,0,-
BRDA:266,9,1,10
DA:268,10
DA:271,10
BRDA:271,10,0,-
BRDA:271,10,1,10
DA:278,10
DA:281,10
DA:283,10
DA:285,10
FN:299,ERC721._burn
FNDA:0,ERC721._burn
DA:300,0
DA:302,0
DA:305,0
DA:308,0
DA:313,0
DA:315,0
DA:317,0
DA:319,0
FN:333,ERC721._transfer
FNDA:10,ERC721._transfer
DA:334,10
BRDA:334,11,0,-
BRDA:334,11,1,10
DA:335,10
BRDA:335,12,0,-
BRDA:335,12,1,10
DA:337,10
DA:340,10
BRDA:340,13,0,-
BRDA:340,13,1,10
DA:343,10
DA:351,10
DA:352,10
DA:354,10
DA:356,10
DA:358,10
FN:366,ERC721._approve
FNDA:0,ERC721._approve
DA:367,0
DA:368,0
FN:376,ERC721._setApprovalForAll
FNDA:0,ERC721._setApprovalForAll
DA:377,0
BRDA:377,14,0,-
BRDA:377,14,1,-
DA:378,0
DA:379,0
FN:385,ERC721._requireMinted
FNDA:0,ERC721._requireMinted
DA:386,0
BRDA:386,15,0,-
BRDA:386,15,1,-
FN:399,ERC721._checkOnERC721Received
FNDA:20,ERC721._checkOnERC721Received
DA:400,20
BRDA:400,16,0,-
BRDA:400,16,1,1
DA:401,7
DA:414,13
FN:432,ERC721._beforeTokenTransfer
FNDA:20,ERC721._beforeTokenTransfer
FN:448,ERC721._afterTokenTransfer
FNDA:20,ERC721._afterTokenTransfer
FN:458,ERC721.__unsafe_increaseBalance
FNDA:0,ERC721.__unsafe_increaseBalance
DA:459,0
FNF:30
FNH:14
LF:73
LH:36
BRF:34
BRH:11
end_of_record
TN:
SF:src/vendor/@openzeppelin/contracts/utils/Address.sol
FN:36,Address.isContract
FNDA:0,Address.isContract
DA:41,0
FN:60,Address.sendValue
FNDA:0,Address.sendValue
DA:61,0
BRDA:61,0,0,-
BRDA:61,0,1,-
DA:63,0
DA:64,0
BRDA:64,1,0,-
BRDA:64,1,1,-
FN:85,Address.functionCall
FNDA:0,Address.functionCall
DA:86,0
FN:95,Address.functionCall
FNDA:0,Address.functionCall
DA:96,0
FN:110,Address.functionCallWithValue
FNDA:0,Address.functionCallWithValue
DA:111,0
FN:120,Address.functionCallWithValue
FNDA:0,Address.functionCallWithValue
DA:126,0
BRDA:126,2,0,-
BRDA:126,2,1,-
DA:127,0
DA:128,0
FN:137,Address.functionStaticCall
FNDA:0,Address.functionStaticCall
DA:138,0
FN:147,Address.functionStaticCall
FNDA:0,Address.functionStaticCall
DA:152,0
DA:153,0
FN:162,Address.functionDelegateCall
FNDA:0,Address.functionDelegateCall
DA:163,0
FN:172,Address.functionDelegateCall
FNDA:0,Address.functionDelegateCall
DA:177,0
DA:178,0
FN:187,Address.verifyCallResultFromTarget
FNDA:0,Address.verifyCallResultFromTarget
DA:193,0
BRDA:193,3,0,-
BRDA:193,3,1,-
DA:194,0
BRDA:194,4,0,-
BRDA:194,4,1,-
DA:197,0
BRDA:197,5,0,-
BRDA:197,5,1,-
DA:199,0
DA:201,0
FN:211,Address.verifyCallResult
FNDA:0,Address.verifyCallResult
DA:216,0
BRDA:216,6,0,-
BRDA:216,6,1,-
DA:217,0
DA:219,0
FN:223,Address._revert
FNDA:0,Address._revert
DA:225,0
BRDA:225,7,0,-
BRDA:225,7,1,-
DA:233,0
FNF:13
FNH:0
LF:26
LH:0
BRF:16
BRH:0
end_of_record
TN:
SF:src/vendor/@openzeppelin/contracts/utils/Context.sol
FN:17,Context._msgSender
FNDA:17,Context._msgSender
DA:18,17
FN:21,Context._msgData
FNDA:0,Context._msgData
DA:22,0
FNF:2
FNH:1
LF:2
LH:1
BRF:0
BRH:0
end_of_record
TN:
SF:src/vendor/@openzeppelin/contracts/utils/Strings.sol
FN:18,Strings.toString
FNDA:0,Strings.toString
DA:20,0
DA:21,0
DA:22,0
DA:25,0
DA:28,0
DA:33,0
DA:34,0
BRDA:34,0,0,-
BRDA:34,0,1,-
DA:36,0
FN:43,Strings.toHexString
FNDA:0,Strings.toHexString
DA:45,0
FN:52,Strings.toHexString
FNDA:0,Strings.toHexString
DA:53,0
DA:54,0
DA:55,0
DA:56,0
DA:57,0
DA:58,0
DA:60,0
BRDA:60,1,0,-
BRDA:60,1,1,-
DA:61,0
FN:67,Strings.toHexString
FNDA:0,Strings.toHexString
DA:68,0
FNF:4
FNH:0
LF:18
LH:0
BRF:4
BRH:0
end_of_record
TN:
SF:src/vendor/@openzeppelin/contracts/utils/introspection/ERC165.sol
FN:26,ERC165.supportsInterface
FNDA:0,ERC165.supportsInterface
DA:27,0
FNF:1
FNH:0
LF:1
LH:0
BRF:0
BRH:0
end_of_record
TN:
SF:src/vendor/@openzeppelin/contracts/utils/math/Math.sol
FN:19,Math.max
FNDA:0,Math.max
DA:20,0
FN:26,Math.min
FNDA:0,Math.min
DA:27,0
FN:34,Math.average
FNDA:0,Math.average
DA:36,0
FN:45,Math.ceilDiv
FNDA:0,Math.ceilDiv
DA:47,0
FN:55,Math.mulDiv
FNDA:0,Math.mulDiv
DA:60,0
DA:61,0
DA:64,0
DA:65,0
DA:69,0
BRDA:69,0,0,-
BRDA:69,0,1,-
DA:70,0
DA:74,0
BRDA:74,1,0,-
BRDA:74,1,1,-
DA:81,0
DA:84,0
DA:87,0
DA:88,0
DA:95,0
DA:98,0
DA:101,0
DA:104,0
DA:108,0
DA:113,0
DA:117,0
DA:118,0
DA:119,0
DA:120,0
DA:121,0
DA:122,0
DA:128,0
DA:129,0
FN:136,Math.mulDiv
FNDA:0,Math.mulDiv
DA:137,0
DA:138,0
BRDA:138,2,0,-
BRDA:138,2,1,-
DA:139,0
DA:141,0
FN:149,Math.sqrt
FNDA:0,Math.sqrt
DA:150,0
BRDA:150,3,0,-
BRDA:150,3,1,-
DA:151,0
DA:164,0
DA:171,0
DA:172,0
DA:173,0
DA:174,0
DA:175,0
DA:176,0
DA:177,0
DA:178,0
FN:185,Math.sqrt
FNDA:0,Math.sqrt
DA:187,0
DA:188,0
FN:196,Math.log2
FNDA:0,Math.log2
DA:197,0
DA:199,0
BRDA:199,4,0,-
BRDA:199,4,1,-
DA:200,0
DA:201,0
DA:203,0
BRDA:203,5,0,-
BRDA:203,5,1,-
DA:204,0
DA:205,0
DA:207,0
BRDA:207,6,0,-
BRDA:207,6,1,-
DA:208,0
DA:209,0
DA:211,0
BRDA:211,7,0,-
BRDA:211,7,1,-
DA:212,0
DA:213,0
DA:215,0
BRDA:215,8,0,-
BRDA:215,8,1,-
DA:216,0
DA:217,0
DA:219,0
BRDA:219,9,0,-
BRDA:219,9,1,-
DA:220,0
DA:221,0
DA:223,0
BRDA:223,10,0,-
BRDA:223,10,1,-
DA:224,0
DA:225,0
DA:227,0
BRDA:227,11,0,-
BRDA:227,11,1,-
DA:228,0
DA:231,0
FN:238,Math.log2
FNDA:0,Math.log2
DA:240,0
DA:241,0
FN:249,Math.log10
FNDA:0,Math.log10
DA:250,0
DA:252,0
BRDA:252,12,0,-
BRDA:252,12,1,-
DA:253,0
DA:254,0
DA:256,0
BRDA:256,13,0,-
BRDA:256,13,1,-
DA:257,0
DA:258,0
DA:260,0
BRDA:260,14,0,-
BRDA:260,14,1,-
DA:261,0
DA:262,0
DA:264,0
BRDA:264,15,0,-
BRDA:264,15,1,-
DA:265,0
DA:266,0
DA:268,0
BRDA:268,16,0,-
BRDA:268,16,1,-
DA:269,0
DA:270,0
DA:272,0
BRDA:272,17,0,-
BRDA:272,17,1,-
DA:273,0
DA:274,0
DA:276,0
BRDA:276,18,0,-
BRDA:276,18,1,-
DA:277,0
DA:280,0
FN:287,Math.log10
FNDA:0,Math.log10
DA:289,0
DA:290,0
FN:300,Math.log256
FNDA:0,Math.log256
DA:301,0
DA:303,0
BRDA:303,19,0,-
BRDA:303,19,1,-
DA:304,0
DA:305,0
DA:307,0
BRDA:307,20,0,-
BRDA:307,20,1,-
DA:308,0
DA:309,0
DA:311,0
BRDA:311,21,0,-
BRDA:311,21,1,-
DA:312,0
DA:313,0
DA:315,0
BRDA:315,22,0,-
BRDA:315,22,1,-
DA:316,0
DA:317,0
DA:319,0
BRDA:319,23,0,-
BRDA:319,23,1,-
DA:320,0
DA:323,0
FN:330,Math.log256
FNDA:0,Math.log256
DA:332,0
DA:333,0
FNF:14
FNH:0
LF:115
LH:0
BRF:48
BRH:0
end_of_record
TN:
SF:test/NftP2PDexForTrueDegens.t.sol
FN:14,MockNft.mint
FNDA:10,MockNft.mint
DA:15,10
DA:16,10
FNF:1
FNH:1
LF:2
LH:2
BRF:0
BRH:0
end_of_record
